<?xml version="1.0" encoding="UTF-8"?>
<!-- Generated by org.testng.reporters.JUnitReportReporter -->
<testsuite hostname="LIN-PG02TNNF" failures="0" tests="5" name="RunnerFile.TestNgclass" time="0.212" errors="0" timestamp="2024-04-02T13:05:39 IST" skipped="0">
  <testcase classname="RunnerFile.TestNgclass" name="runScenario" time="0.012"/>
  <testcase classname="RunnerFile.TestNgclass" name="runScenario" time="0.011"/>
  <testcase classname="RunnerFile.TestNgclass" name="runScenario" time="0.012"/>
  <testcase classname="RunnerFile.TestNgclass" name="runScenario" time="0.170"/>
  <testcase classname="RunnerFile.TestNgclass" name="runScenario" time="0.007"/>
</testsuite> <!-- RunnerFile.TestNgclass -->
